./mondrian_images/image_1.png
0.328453 0.250946 0.420601 
./mondrian_images/image_2.png
0.114824 0.200939 0.684236 
./mondrian_images/image_3.png
0.354758 0.313891 0.331351 
./mondrian_images/image_4.png
0.302471 0.332139 0.365390 
./mondrian_images/image_5.png
0.302302 0.359965 0.337733 
./mondrian_images/image_6.png
0.364138 0.325694 0.310168 
./mondrian_images/image_7.png
0.209528 0.223547 0.566924 
./mondrian_images/image_8.png
0.330227 0.258955 0.410819 
./mondrian_images/image_9.png
0.349329 0.328082 0.322589 
./mondrian_images/image_10.png
0.311037 0.278153 0.410810 
./mondrian_images/image_11.png
0.302471 0.332139 0.365390 
./mondrian_images/image_12.png
0.340449 0.317758 0.341793 
./mondrian_images/image_13.png
0.309169 0.234055 0.456776 
./mondrian_images/image_14.png
0.259263 0.336637 0.404100 
./mondrian_images/image_15.png
0.317965 0.372465 0.309570 
./mondrian_images/image_16.png
0.279778 0.343519 0.376702 
./mondrian_images/image_17.png
0.339180 0.285384 0.375436 
./mondrian_images/image_18.png
0.294957 0.355017 0.350025 
./mondrian_images/image_19.png
0.319346 0.362782 0.317871 
./mondrian_images/image_20.png
0.317965 0.372465 0.309570 
./mondrian_images/image_21.png
0.302302 0.359965 0.337733 
./mondrian_images/image_22.png
0.302302 0.359965 0.337733 
./mondrian_images/image_23.png
0.368198 0.297193 0.334609 
./mondrian_images/image_24.png
0.259263 0.336637 0.404100 
./mondrian_images/image_25.png
0.317965 0.372465 0.309570 
./mondrian_images/image_26.png
0.317861 0.306941 0.375199 
./mondrian_images/image_27.png
0.259263 0.336637 0.404100 
./mondrian_images/image_28.png
0.317686 0.357583 0.324731 
./mondrian_images/image_29.png
0.354758 0.313891 0.331351 
./mondrian_images/image_30.png
0.259263 0.336637 0.404100 
./mondrian_images/image_31.png
0.321947 0.341239 0.336813 
./mondrian_images/image_32.png
0.368198 0.297193 0.334609 
./mondrian_images/image_33.png
0.317965 0.372465 0.309570 
./mondrian_images/image_34.png
0.307918 0.298168 0.393914 
./mondrian_images/image_35.png
0.317965 0.372465 0.309570 
./mondrian_images/image_36.png
0.317965 0.372465 0.309570 
./mondrian_images/image_37.png
0.319346 0.362782 0.317871 
./mondrian_images/image_38.png
0.242074 0.331660 0.426266 
./mondrian_images/image_39.png
0.345146 0.312335 0.342518 
./mondrian_images/image_40.png
0.230588 0.244406 0.525006 
./mondrian_images/image_41.png
0.345146 0.312335 0.342518 
./mondrian_images/image_42.png
0.273701 0.282020 0.444278 
./mondrian_images/image_43.png
0.299981 0.366448 0.333571 
./mondrian_images/image_44.png
0.317965 0.372465 0.309570 
./mondrian_images/image_45.png
0.330227 0.258955 0.410819 
./mondrian_images/image_46.png
0.317965 0.372465 0.309570 
./mondrian_images/image_47.png
0.219356 0.315054 0.465590 
./mondrian_images/image_48.png
0.311037 0.278153 0.410810 
./mondrian_images/image_49.png
0.317686 0.357583 0.324731 
./mondrian_images/image_50.png
0.345146 0.312335 0.342518 
./mondrian_images/image_51.png
0.368142 0.285816 0.346042 
./mondrian_images/image_52.png
0.317965 0.372465 0.309570 
./mondrian_images/image_53.png
0.302302 0.359965 0.337733 
./mondrian_images/image_54.png
0.345146 0.312335 0.342518 
./mondrian_images/image_55.png
0.333833 0.336873 0.329295 
./mondrian_images/image_56.png
0.291993 0.328205 0.379802 
./mondrian_images/image_57.png
0.345146 0.312335 0.342518 
./mondrian_images/image_58.png
0.345146 0.312335 0.342518 
./mondrian_images/image_59.png
0.345146 0.312335 0.342518 
./mondrian_images/image_60.png
0.369662 0.321958 0.308380 
./mondrian_images/image_61.png
0.332301 0.358464 0.309235 
./mondrian_images/image_62.png
0.294957 0.355017 0.350025 
./mondrian_images/image_63.png
0.366586 0.248533 0.384881 
./mondrian_images/image_64.png
0.200201 0.291545 0.508254 
./mondrian_images/image_65.png
0.333833 0.336873 0.329295 
./mondrian_images/image_66.png
0.302471 0.332139 0.365390 
./mondrian_images/image_67.png
0.302302 0.359965 0.337733 
./mondrian_images/image_68.png
0.317686 0.357583 0.324731 
./mondrian_images/image_69.png
0.328390 0.307147 0.364463 
./mondrian_images/image_70.png
0.323630 0.268566 0.407805 
./mondrian_images/image_71.png
0.302302 0.359965 0.337733 
./mondrian_images/image_72.png
0.372322 0.271450 0.356227 
./mondrian_images/image_73.png
0.345146 0.312335 0.342518 
./mondrian_images/image_74.png
0.385510 0.273927 0.340563 
./mondrian_images/image_75.png
0.269548 0.348583 0.381869 
./mondrian_images/image_76.png
0.363056 0.319364 0.317580 
./mondrian_images/image_77.png
0.333833 0.336873 0.329295 
./mondrian_images/image_78.png
0.302302 0.359965 0.337733 
./mondrian_images/image_79.png
0.345146 0.312335 0.342518 
./mondrian_images/image_80.png
0.345146 0.312335 0.342518 
./mondrian_images/image_81.png
0.369662 0.321958 0.308380 
./mondrian_images/image_82.png
0.207496 0.284455 0.508049 
./mondrian_images/image_83.png
0.349329 0.328082 0.322589 
./mondrian_images/image_84.png
0.234454 0.330015 0.435531 
./mondrian_images/image_85.png
0.317965 0.372465 0.309570 
./mondrian_images/image_86.png
0.312698 0.330933 0.356369 
./mondrian_images/image_87.png
0.345146 0.312335 0.342518 
./mondrian_images/image_88.png
0.293875 0.342389 0.363736 
./mondrian_images/image_89.png
0.284413 0.265497 0.450089 
./mondrian_images/image_90.png
0.363056 0.319364 0.317580 
./mondrian_images/image_91.png
0.375970 0.241156 0.382874 
./mondrian_images/image_92.png
0.345146 0.312335 0.342518 
./mondrian_images/image_93.png
0.317965 0.372465 0.309570 
./mondrian_images/image_94.png
0.259263 0.336637 0.404100 
./mondrian_images/image_95.png
0.345146 0.312335 0.342518 
./mondrian_images/image_96.png
0.219789 0.312536 0.467675 
./mondrian_images/image_97.png
0.234454 0.330015 0.435531 
./mondrian_images/image_98.png
0.282964 0.330077 0.386959 
./mondrian_images/image_99.png
0.302302 0.359965 0.337733 
./mondrian_images/image_100.png
0.292342 0.352064 0.355594 
./mondrian_images/image_101.png
0.349329 0.328082 0.322589 
./mondrian_images/image_102.png
0.369662 0.321958 0.308380 
./mondrian_images/image_103.png
0.299981 0.366448 0.333571 
./mondrian_images/image_104.png
0.349329 0.328082 0.322589 
./mondrian_images/image_105.png
0.280375 0.347873 0.371753 
./mondrian_images/image_106.png
0.363056 0.319364 0.317580 
./mondrian_images/image_107.png
0.259263 0.336637 0.404100 
./mondrian_images/image_108.png
0.372322 0.271450 0.356227 
./mondrian_images/image_109.png
0.292342 0.352064 0.355594 
./mondrian_images/image_110.png
0.333833 0.336873 0.329295 
./mondrian_images/image_111.png
0.259263 0.336637 0.404100 
./mondrian_images/image_112.png
0.326242 0.263129 0.410629 
./mondrian_images/image_113.png
0.299981 0.366448 0.333571 
./mondrian_images/image_114.png
0.236789 0.252654 0.510557 
./mondrian_images/image_115.png
0.317965 0.372465 0.309570 
./mondrian_images/image_116.png
0.368142 0.285816 0.346042 
./mondrian_images/image_117.png
0.317965 0.372465 0.309570 
./mondrian_images/image_118.png
0.319346 0.362782 0.317871 
./mondrian_images/image_119.png
0.292342 0.352064 0.355594 
./mondrian_images/image_120.png
0.328390 0.307147 0.364463 
./mondrian_images/image_121.png
0.384035 0.278400 0.337565 
./mondrian_images/image_122.png
0.349329 0.328082 0.322589 
./mondrian_images/image_123.png
0.259263 0.336637 0.404100 
./mondrian_images/image_124.png
0.280119 0.245287 0.474594 
./mondrian_images/image_125.png
0.368142 0.285816 0.346042 
./mondrian_images/image_126.png
0.218332 0.302382 0.479285 
./mondrian_images/image_127.png
0.340449 0.317758 0.341793 
./mondrian_images/image_128.png
0.328913 0.302635 0.368453 
./mondrian_images/image_129.png
0.299981 0.366448 0.333571 
./mondrian_images/image_130.png
0.328453 0.250946 0.420601 
./mondrian_images/image_131.png
0.317965 0.372465 0.309570 
./mondrian_images/image_132.png
0.297030 0.319580 0.383390 
./mondrian_images/image_133.png
0.302302 0.359965 0.337733 
./mondrian_images/image_134.png
0.339180 0.285384 0.375436 
./mondrian_images/image_135.png
0.345146 0.312335 0.342518 
./mondrian_images/image_136.png
0.302302 0.359965 0.337733 
./mondrian_images/image_137.png
0.316421 0.319119 0.364460 
./mondrian_images/image_138.png
0.372322 0.271450 0.356227 
./mondrian_images/image_139.png
0.368198 0.297193 0.334609 
./mondrian_images/image_140.png
0.293875 0.342389 0.363736 
./mondrian_images/image_141.png
0.357432 0.251262 0.391306 
./mondrian_images/image_142.png
0.363056 0.319364 0.317580 
./mondrian_images/image_143.png
0.312698 0.330933 0.356369 
./mondrian_images/image_144.png
0.294957 0.355017 0.350025 
./mondrian_images/image_145.png
0.363056 0.319364 0.317580 
./mondrian_images/image_146.png
0.344326 0.305281 0.350393 
./mondrian_images/image_147.png
0.299981 0.366448 0.333571 
./mondrian_images/image_148.png
0.319346 0.362782 0.317871 
./mondrian_images/image_149.png
0.333833 0.336873 0.329295 
./mondrian_images/image_150.png
0.366586 0.248533 0.384881 
./mondrian_images/image_151.png
0.345146 0.312335 0.342518 
./mondrian_images/image_152.png
0.369662 0.321958 0.308380 
./mondrian_images/image_153.png
0.319346 0.362782 0.317871 
./mondrian_images/image_154.png
0.302302 0.359965 0.337733 
./mondrian_images/image_155.png
0.259263 0.336637 0.404100 
./mondrian_images/image_156.png
0.345146 0.312335 0.342518 
./mondrian_images/image_157.png
0.366823 0.274085 0.359092 
./mondrian_images/image_158.png
0.309058 0.248583 0.442359 
./mondrian_images/image_159.png
0.280375 0.347873 0.371753 
./mondrian_images/image_160.png
0.368198 0.297193 0.334609 
./mondrian_images/image_161.png
0.340449 0.317758 0.341793 
./mondrian_images/image_162.png
0.372322 0.271450 0.356227 
./mondrian_images/image_163.png
0.316421 0.319119 0.364460 
./mondrian_images/image_164.png
0.296845 0.276784 0.426371 
./mondrian_images/image_165.png
0.310835 0.348501 0.340664 
./mondrian_images/image_166.png
0.302302 0.359965 0.337733 
./mondrian_images/image_167.png
0.328390 0.307147 0.364463 
./mondrian_images/image_168.png
0.317965 0.372465 0.309570 
./mondrian_images/image_169.png
0.365116 0.306843 0.328041 
./mondrian_images/image_170.png
0.317965 0.372465 0.309570 
./mondrian_images/image_171.png
0.349329 0.328082 0.322589 
./mondrian_images/image_172.png
0.333913 0.269869 0.396217 
./mondrian_images/image_173.png
0.340449 0.317758 0.341793 
./mondrian_images/image_174.png
0.344670 0.249336 0.405994 
./mondrian_images/image_175.png
0.273277 0.337421 0.389302 
./mondrian_images/image_176.png
0.317965 0.372465 0.309570 
./mondrian_images/image_177.png
0.214005 0.306861 0.479135 
./mondrian_images/image_178.png
0.363056 0.319364 0.317580 
./mondrian_images/image_179.png
0.357432 0.251262 0.391306 
./mondrian_images/image_180.png
0.357432 0.251262 0.391306 
./mondrian_images/image_181.png
0.317965 0.372465 0.309570 
./mondrian_images/image_182.png
0.333833 0.336873 0.329295 
./mondrian_images/image_183.png
0.163000 0.223909 0.613091 
./mondrian_images/image_184.png
0.328913 0.302635 0.368453 
./mondrian_images/image_185.png
0.368198 0.297193 0.334609 
./mondrian_images/image_186.png
0.363056 0.319364 0.317580 
./mondrian_images/image_187.png
0.369662 0.321958 0.308380 
./mondrian_images/image_188.png
0.351964 0.230342 0.417695 
./mondrian_images/image_189.png
0.219356 0.315054 0.465590 
./mondrian_images/image_190.png
0.244443 0.311152 0.444405 
./mondrian_images/image_191.png
0.214241 0.240905 0.544854 
./mondrian_images/image_192.png
0.290016 0.239211 0.470773 
./mondrian_images/image_193.png
0.328390 0.307147 0.364463 
./mondrian_images/image_194.png
0.257976 0.350565 0.391460 
./mondrian_images/image_195.png
0.235102 0.279206 0.485691 
./mondrian_images/image_196.png
0.317965 0.372465 0.309570 
./mondrian_images/image_197.png
0.344326 0.305281 0.350393 
./mondrian_images/image_198.png
0.372322 0.271450 0.356227 
./mondrian_images/image_199.png
0.373404 0.255139 0.371457 
./mondrian_images/image_200.png
0.293875 0.342389 0.363736 
./mondrian_images/image_201.png
0.316421 0.319119 0.364460 
./mondrian_images/image_202.png
0.315830 0.261544 0.422626 
./mondrian_images/image_203.png
0.328390 0.307147 0.364463 
./mondrian_images/image_204.png
0.321947 0.341239 0.336813 
./mondrian_images/image_205.png
0.333833 0.336873 0.329295 
./mondrian_images/image_206.png
0.345146 0.312335 0.342518 
./mondrian_images/image_207.png
0.259263 0.336637 0.404100 
./mondrian_images/image_208.png
0.372083 0.285640 0.342278 
./mondrian_images/image_209.png
0.333833 0.336873 0.329295 
./mondrian_images/image_210.png
0.294957 0.355017 0.350025 
./mondrian_images/image_211.png
0.299981 0.366448 0.333571 
./mondrian_images/image_212.png
0.310835 0.348501 0.340664 
./mondrian_images/image_213.png
0.333913 0.269869 0.396217 
./mondrian_images/image_214.png
0.345146 0.312335 0.342518 
./mondrian_images/image_215.png
0.349329 0.328082 0.322589 
./mondrian_images/image_216.png
0.345146 0.312335 0.342518 
./mondrian_images/image_217.png
0.316421 0.319119 0.364460 
./mondrian_images/image_218.png
0.302302 0.359965 0.337733 
./mondrian_images/image_219.png
0.266762 0.300188 0.433051 
./mondrian_images/image_220.png
0.366823 0.274085 0.359092 
./mondrian_images/image_221.png
0.340449 0.317758 0.341793 
./mondrian_images/image_222.png
0.345146 0.312335 0.342518 
./mondrian_images/image_223.png
0.364138 0.325694 0.310168 
./mondrian_images/image_224.png
0.333833 0.336873 0.329295 
./mondrian_images/image_225.png
0.281378 0.281626 0.436996 
./mondrian_images/image_226.png
0.317965 0.372465 0.309570 
./mondrian_images/image_227.png
0.218332 0.302382 0.479285 
./mondrian_images/image_228.png
0.200201 0.291545 0.508254 
./mondrian_images/image_229.png
0.345146 0.312335 0.342518 
./mondrian_images/image_230.png
0.345146 0.312335 0.342518 
./mondrian_images/image_231.png
0.328390 0.307147 0.364463 
./mondrian_images/image_232.png
0.316421 0.319119 0.364460 
./mondrian_images/image_233.png
0.302302 0.359965 0.337733 
./mondrian_images/image_234.png
0.302302 0.359965 0.337733 
./mondrian_images/image_235.png
0.290114 0.309045 0.400840 
./mondrian_images/image_236.png
0.310835 0.348501 0.340664 
./mondrian_images/image_237.png
0.368142 0.285816 0.346042 
./mondrian_images/image_238.png
0.312698 0.330933 0.356369 
./mondrian_images/image_239.png
0.295058 0.273214 0.431728 
./mondrian_images/image_240.png
0.302302 0.359965 0.337733 
./mondrian_images/image_241.png
0.302471 0.332139 0.365390 
./mondrian_images/image_242.png
0.259263 0.336637 0.404100 
./mondrian_images/image_243.png
0.372322 0.271450 0.356227 
./mondrian_images/image_244.png
0.372322 0.271450 0.356227 
./mondrian_images/image_245.png
0.302471 0.332139 0.365390 
./mondrian_images/image_246.png
0.235102 0.279206 0.485691 
./mondrian_images/image_247.png
0.291993 0.328205 0.379802 
./mondrian_images/image_248.png
0.363056 0.319364 0.317580 
./mondrian_images/image_249.png
0.368198 0.297193 0.334609 
./mondrian_images/image_250.png
0.309169 0.234055 0.456776 
./mondrian_images/image_251.png
0.345146 0.312335 0.342518 
./mondrian_images/image_252.png
0.235102 0.279206 0.485691 
./mondrian_images/image_253.png
0.312698 0.330933 0.356369 
./mondrian_images/image_254.png
0.345146 0.312335 0.342518 
./mondrian_images/image_255.png
0.341269 0.257669 0.401063 
./mondrian_images/image_256.png
0.328913 0.302635 0.368453 
./mondrian_images/image_257.png
0.366586 0.248533 0.384881 
./mondrian_images/image_258.png
0.302302 0.359965 0.337733 
./mondrian_images/image_259.png
0.310835 0.348501 0.340664 
./mondrian_images/image_260.png
0.302302 0.359965 0.337733 
./mondrian_images/image_261.png
0.319346 0.362782 0.317871 
./mondrian_images/image_262.png
0.302302 0.359965 0.337733 
./mondrian_images/image_263.png
0.294957 0.355017 0.350025 
./mondrian_images/image_264.png
0.238123 0.221740 0.540137 
./mondrian_images/image_265.png
0.363056 0.319364 0.317580 
./mondrian_images/image_266.png
0.336133 0.241151 0.422716 
./mondrian_images/image_267.png
0.266762 0.300188 0.433051 
./mondrian_images/image_268.png
0.333833 0.336873 0.329295 
./mondrian_images/image_269.png
0.377771 0.290646 0.331583 
./mondrian_images/image_270.png
0.249755 0.333675 0.416570 
./mondrian_images/image_271.png
0.364138 0.325694 0.310168 
./mondrian_images/image_272.png
0.312698 0.330933 0.356369 
./mondrian_images/image_273.png
0.345146 0.312335 0.342518 
./mondrian_images/image_274.png
0.317686 0.357583 0.324731 
./mondrian_images/image_275.png
0.326242 0.263129 0.410629 
./mondrian_images/image_276.png
0.339180 0.285384 0.375436 
./mondrian_images/image_277.png
0.365116 0.306843 0.328041 
./mondrian_images/image_278.png
0.349329 0.328082 0.322589 
./mondrian_images/image_279.png
0.257976 0.350565 0.391460 
./mondrian_images/image_280.png
0.249842 0.230951 0.519206 
./mondrian_images/image_281.png
0.259263 0.336637 0.404100 
./mondrian_images/image_282.png
0.385160 0.257803 0.357036 
./mondrian_images/image_283.png
0.363056 0.319364 0.317580 
./mondrian_images/image_284.png
0.317686 0.357583 0.324731 
./mondrian_images/image_285.png
0.339180 0.285384 0.375436 
./mondrian_images/image_286.png
0.256056 0.308799 0.435145 
./mondrian_images/image_287.png
0.345146 0.312335 0.342518 
./mondrian_images/image_288.png
0.265815 0.317740 0.416446 
./mondrian_images/image_289.png
0.333833 0.336873 0.329295 
./mondrian_images/image_290.png
0.349329 0.328082 0.322589 
./mondrian_images/image_291.png
0.319346 0.362782 0.317871 
./mondrian_images/image_292.png
0.368142 0.285816 0.346042 
./mondrian_images/image_293.png
0.328913 0.302635 0.368453 
./mondrian_images/image_294.png
0.339180 0.285384 0.375436 
./mondrian_images/image_295.png
0.356479 0.276697 0.366824 
./mondrian_images/image_296.png
0.392411 0.253020 0.354568 
./mondrian_images/image_297.png
0.371404 0.299687 0.328909 
./mondrian_images/image_298.png
0.319346 0.362782 0.317871 
./mondrian_images/image_299.png
0.357432 0.251262 0.391306 
./mondrian_images/image_300.png
0.278378 0.229885 0.491737 
./mondrian_images/image_301.png
0.315830 0.261544 0.422626 
./mondrian_images/image_302.png
0.256046 0.351757 0.392197 
./mondrian_images/image_303.png
0.339180 0.285384 0.375436 
./mondrian_images/image_304.png
0.345146 0.312335 0.342518 
./mondrian_images/image_305.png
0.363056 0.319364 0.317580 
./mondrian_images/image_306.png
0.317965 0.372465 0.309570 
./mondrian_images/image_307.png
0.266762 0.300188 0.433051 
./mondrian_images/image_308.png
0.302302 0.359965 0.337733 
./mondrian_images/image_309.png
0.345146 0.312335 0.342518 
./mondrian_images/image_310.png
0.357432 0.251262 0.391306 
